<?xml version="1.0" encoding="UTF-8"?>
<testsuite name="SearchTests" tests="5" skipped="0" failures="0" errors="0" timestamp="2026-04-09T00:19:19" hostname="DESKTOP-Q7TGFG6" time="14.143">
  <properties/>
  <testcase name="successfulSearchTestYahooAppolo()" classname="SearchTests" time="6.539"/>
  <testcase name="successfulSearchTestYahooGradle()" classname="SearchTests" time="2.089"/>
  <testcase name="successfulSearchTest()" classname="SearchTests" time="1.817"/>
  <testcase name="successfulSearchTestYahooYandex()" classname="SearchTests" time="1.908"/>
  <testcase name="successfulSearchTestYahooStoloto()" classname="SearchTests" time="1.781"/>
  <system-out><![CDATA[]]></system-out>
  <system-err><![CDATA[SLF4J: No SLF4J providers were found.
SLF4J: Defaulting to no-operation (NOP) logger implementation
SLF4J: See https://www.slf4j.org/codes.html#noProviders for further details.
SLF4J: Class path contains SLF4J bindings targeting slf4j-api versions 1.7.x or earlier.
SLF4J: Ignoring binding found at [jar:file:/C:/Users/Drondo/.gradle/caches/modules-2/files-2.1/org.slf4j/slf4j-simple/1.7.36/a41f9cfe6faafb2eb83a1c7dd2d0dfd844e2a936/slf4j-simple-1.7.36.jar!/org/slf4j/impl/StaticLoggerBinder.class]
SLF4J: See https://www.slf4j.org/codes.html#ignoredBindings for an explanation.
апр. 09, 2026 3:19:21 AM org.openqa.selenium.devtools.CdpVersionFinder findNearestMatch
WARNING: Unable to find CDP implementation matching 147
апр. 09, 2026 3:19:21 AM org.openqa.selenium.chromium.ChromiumDriver lambda$new$5
WARNING: Unable to find version of CDP to use for 147.0.7727.56. You may need to include a dependency on a specific version of the CDP using something similar to `org.seleniumhq.selenium:selenium-devtools-v86:4.13.0` where the version ("v86") matches the version of the chromium-based browser you're using and the version number of the artifact is the same as Selenium's.
]]></system-err>
</testsuite>
